<?xml version="1.0" encoding="UTF-8"?>
<!-- Generated by org.testng.reporters.JUnitReportReporter -->
<testsuite hostname="LAPTOP-SULA7NNQ" failures="0" tests="2" name="jenkinintg.MavJenkinTest" time="0.012" errors="0" timestamp="2021-02-06T22:13:33 IST" skipped="0">
  <testcase classname="jenkinintg.MavJenkinTest" name="login" time="0.011"/>
  <system-out/>
  <testcase classname="jenkinintg.MavJenkinTest" name="sum" time="0.001"/>
  <system-out/>
</testsuite> <!-- jenkinintg.MavJenkinTest -->
